The target system is: Linux -  - 
The host system is: Linux - 4.15.0-36-generic - x86_64
Compiling the C compiler identification source file "CMakeCCompilerId.c" succeeded.
Compiler: /opt/hisi-linux/x86-arm/aarch64-himix100-linux/bin/aarch64-himix100-linux-gcc 
Build flags: 
Id flags: 

The output was:
0


Compilation of the C compiler identification source "CMakeCCompilerId.c" produced "a.out"

The C compiler identification is GNU, found in "/root/ncnn/ncnn/examples/dlib-19.15/dlib/build/CMakeFiles/2.8.12.2/CompilerIdC/a.out"

Compiling the CXX compiler identification source file "CMakeCXXCompilerId.cpp" succeeded.
Compiler: /opt/hisi-linux/x86-arm/aarch64-himix100-linux/bin/aarch64-himix100-linux-g++ 
Build flags: 
Id flags: 

The output was:
0


Compilation of the CXX compiler identification source "CMakeCXXCompilerId.cpp" produced "a.out"

The CXX compiler identification is GNU, found in "/root/ncnn/ncnn/examples/dlib-19.15/dlib/build/CMakeFiles/2.8.12.2/CompilerIdCXX/a.out"

Determining if the C compiler works passed with the following output:
Change Dir: /root/ncnn/ncnn/examples/dlib-19.15/dlib/build/CMakeFiles/CMakeTmp

Run Build Command:/usr/bin/make "cmTryCompileExec3437408523/fast"
/usr/bin/make -f CMakeFiles/cmTryCompileExec3437408523.dir/build.make CMakeFiles/cmTryCompileExec3437408523.dir/build
make[1]: Entering directory `/root/ncnn/ncnn/examples/dlib-19.15/dlib/build/CMakeFiles/CMakeTmp'
/usr/bin/cmake -E cmake_progress_report /root/ncnn/ncnn/examples/dlib-19.15/dlib/build/CMakeFiles/CMakeTmp/CMakeFiles 1
Building C object CMakeFiles/cmTryCompileExec3437408523.dir/testCCompiler.c.o
/opt/hisi-linux/x86-arm/aarch64-himix100-linux/bin/aarch64-himix100-linux-gcc    -o CMakeFiles/cmTryCompileExec3437408523.dir/testCCompiler.c.o   -c /root/ncnn/ncnn/examples/dlib-19.15/dlib/build/CMakeFiles/CMakeTmp/testCCompiler.c
Linking C executable cmTryCompileExec3437408523
/usr/bin/cmake -E cmake_link_script CMakeFiles/cmTryCompileExec3437408523.dir/link.txt --verbose=1
/opt/hisi-linux/x86-arm/aarch64-himix100-linux/bin/aarch64-himix100-linux-gcc       CMakeFiles/cmTryCompileExec3437408523.dir/testCCompiler.c.o  -o cmTryCompileExec3437408523 -rdynamic 
make[1]: Leaving directory `/root/ncnn/ncnn/examples/dlib-19.15/dlib/build/CMakeFiles/CMakeTmp'


Detecting C compiler ABI info compiled with the following output:
Change Dir: /root/ncnn/ncnn/examples/dlib-19.15/dlib/build/CMakeFiles/CMakeTmp

Run Build Command:/usr/bin/make "cmTryCompileExec431195969/fast"
/usr/bin/make -f CMakeFiles/cmTryCompileExec431195969.dir/build.make CMakeFiles/cmTryCompileExec431195969.dir/build
make[1]: Entering directory `/root/ncnn/ncnn/examples/dlib-19.15/dlib/build/CMakeFiles/CMakeTmp'
/usr/bin/cmake -E cmake_progress_report /root/ncnn/ncnn/examples/dlib-19.15/dlib/build/CMakeFiles/CMakeTmp/CMakeFiles 1
Building C object CMakeFiles/cmTryCompileExec431195969.dir/CMakeCCompilerABI.c.o
/opt/hisi-linux/x86-arm/aarch64-himix100-linux/bin/aarch64-himix100-linux-gcc    -o CMakeFiles/cmTryCompileExec431195969.dir/CMakeCCompilerABI.c.o   -c /usr/share/cmake-2.8/Modules/CMakeCCompilerABI.c
Linking C executable cmTryCompileExec431195969
/usr/bin/cmake -E cmake_link_script CMakeFiles/cmTryCompileExec431195969.dir/link.txt --verbose=1
/opt/hisi-linux/x86-arm/aarch64-himix100-linux/bin/aarch64-himix100-linux-gcc     -v CMakeFiles/cmTryCompileExec431195969.dir/CMakeCCompilerABI.c.o  -o cmTryCompileExec431195969 -rdynamic  
Using built-in specs.
COLLECT_GCC=/opt/hisi-linux/x86-arm/aarch64-himix100-linux/bin/aarch64-himix100-linux-gcc
COLLECT_LTO_WRAPPER=/opt/hisi-linux/x86-arm/aarch64-himix100-linux/host_bin/../libexec/gcc/aarch64-linux-gnu/6.3.0/lto-wrapper
Target: aarch64-linux-gnu
Configured with: /usr1/code/CODE_CCTD_V1R1C00/code/current/SDK_CPU_UNIFIED/build/script/aarch64-himix100-linux/aarch64_himix100_build_dir/src/gcc-6.3.0/configure --build=x86_64-linux-gnu --host=x86_64-linux-gnu --target=aarch64-linux-gnu --with-arch=armv8-a --prefix=/usr1/code/CODE_CCTD_V1R1C00/code/current/SDK_CPU_UNIFIED/build/script/aarch64-himix100-linux/aarch64_himix100_build_dir/install --with-specs='%{!ftree-coalesce-vars:-fno-tree-coalesce-vars}' --disable-libmudflap --enable-libssp --disable-libstdcxx-pch --disable-multilib --enable-multiarch --with-gnu-as --with-gnu-ld --enable-libgomp --disable-libitm --enable-checking=yes --enable-lto --enable-c99 --enable-long-long --enable-nls --enable-fix-cortex-a53-835769 --enable-fix-cortex-a53-843419 --enable-shared --with-pkgversion='Compiler & Codesign TD V100R001C00B119' --enable-languages=c,c++ --with-headers=/usr1/code/CODE_CCTD_V1R1C00/code/current/SDK_CPU_UNIFIED/build/script/aarch64-himix100-linux/aarch64_himix100_build_dir/install/target/usr/include --with-sysroot=/usr1/code/CODE_CCTD_V1R1C00/code/current/SDK_CPU_UNIFIED/build/script/aarch64-himix100-linux/aarch64_himix100_build_dir/install/target --with-build-sysroot=/usr1/code/CODE_CCTD_V1R1C00/code/current/SDK_CPU_UNIFIED/build/script/aarch64-himix100-linux/aarch64_himix100_build_dir/install/target --with-gmp=/usr1/code/CODE_CCTD_V1R1C00/code/current/SDK_CPU_UNIFIED/build/script/aarch64-himix100-linux/aarch64_himix100_build_dir/obj/host-libs/usr --with-mpfr=/usr1/code/CODE_CCTD_V1R1C00/code/current/SDK_CPU_UNIFIED/build/script/aarch64-himix100-linux/aarch64_himix100_build_dir/obj/host-libs/usr --with-mpc=/usr1/code/CODE_CCTD_V1R1C00/code/current/SDK_CPU_UNIFIED/build/script/aarch64-himix100-linux/aarch64_himix100_build_dir/obj/host-libs/usr --with-cloog=/usr1/code/CODE_CCTD_V1R1C00/code/current/SDK_CPU_UNIFIED/build/script/aarch64-himix100-linux/aarch64_himix100_build_dir/obj/host-libs/usr --with-build-time-tools=/usr1/code/CODE_CCTD_V1R1C00/code/current/SDK_CPU_UNIFIED/build/script/aarch64-himix100-linux/aarch64_himix100_build_dir/install/aarch64-linux-gnu/bin --libdir=/usr1/code/CODE_CCTD_V1R1C00/code/current/SDK_CPU_UNIFIED/build/script/aarch64-himix100-linux/aarch64_himix100_build_dir/install/lib
Thread model: posix
gcc version 6.3.0 (Compiler & Codesign TD V100R001C00B119) 
COMPILER_PATH=/opt/hisi-linux/x86-arm/aarch64-himix100-linux/host_bin/../libexec/gcc/aarch64-linux-gnu/6.3.0/:/opt/hisi-linux/x86-arm/aarch64-himix100-linux/host_bin/../libexec/gcc/aarch64-linux-gnu/:/opt/hisi-linux/x86-arm/aarch64-himix100-linux/host_bin/../libexec/gcc/:/opt/hisi-linux/x86-arm/aarch64-himix100-linux/host_bin/../lib/gcc/aarch64-linux-gnu/6.3.0/../../../../aarch64-linux-gnu/bin/
LIBRARY_PATH=/opt/hisi-linux/x86-arm/aarch64-himix100-linux/host_bin/../lib/gcc/aarch64-linux-gnu/6.3.0/:/opt/hisi-linux/x86-arm/aarch64-himix100-linux/host_bin/../lib/gcc/aarch64-linux-gnu/:/opt/hisi-linux/x86-arm/aarch64-himix100-linux/host_bin/../lib/gcc/:/opt/hisi-linux/x86-arm/aarch64-himix100-linux/host_bin/../lib/gcc/aarch64-linux-gnu/6.3.0/../../../../aarch64-linux-gnu/lib/../lib64/:/opt/hisi-linux/x86-arm/aarch64-himix100-linux/host_bin/../lib/gcc/aarch64-linux-gnu/6.3.0/../../../../aarch64-linux-gnu/lib/:/opt/hisi-linux/x86-arm/aarch64-himix100-linux/host_bin/../target/lib/:/opt/hisi-linux/x86-arm/aarch64-himix100-linux/host_bin/../target/usr/lib/
COLLECT_GCC_OPTIONS='-v' '-o' 'cmTryCompileExec431195969' '-rdynamic' '-march=armv8-a' '-mlittle-endian' '-mabi=lp64' '-fno-tree-coalesce-vars'
 /opt/hisi-linux/x86-arm/aarch64-himix100-linux/host_bin/../libexec/gcc/aarch64-linux-gnu/6.3.0/collect2 -plugin /opt/hisi-linux/x86-arm/aarch64-himix100-linux/host_bin/../libexec/gcc/aarch64-linux-gnu/6.3.0/liblto_plugin.so -plugin-opt=/opt/hisi-linux/x86-arm/aarch64-himix100-linux/host_bin/../libexec/gcc/aarch64-linux-gnu/6.3.0/lto-wrapper -plugin-opt=-fresolution=/tmp/ccCBj9UG.res -plugin-opt=-pass-through=-lgcc -plugin-opt=-pass-through=-lgcc_s -plugin-opt=-pass-through=-lc -plugin-opt=-pass-through=-lgcc -plugin-opt=-pass-through=-lgcc_s --sysroot=/opt/hisi-linux/x86-arm/aarch64-himix100-linux/host_bin/../target --eh-frame-hdr -export-dynamic -dynamic-linker /lib/ld-linux-aarch64.so.1 -X -EL -maarch64linux --fix-cortex-a53-835769 --fix-cortex-a53-843419 -o cmTryCompileExec431195969 /opt/hisi-linux/x86-arm/aarch64-himix100-linux/host_bin/../target/usr/lib/crt1.o /opt/hisi-linux/x86-arm/aarch64-himix100-linux/host_bin/../target/usr/lib/crti.o /opt/hisi-linux/x86-arm/aarch64-himix100-linux/host_bin/../lib/gcc/aarch64-linux-gnu/6.3.0/crtbegin.o -L/opt/hisi-linux/x86-arm/aarch64-himix100-linux/host_bin/../lib/gcc/aarch64-linux-gnu/6.3.0 -L/opt/hisi-linux/x86-arm/aarch64-himix100-linux/host_bin/../lib/gcc/aarch64-linux-gnu -L/opt/hisi-linux/x86-arm/aarch64-himix100-linux/host_bin/../lib/gcc -L/opt/hisi-linux/x86-arm/aarch64-himix100-linux/host_bin/../lib/gcc/aarch64-linux-gnu/6.3.0/../../../../aarch64-linux-gnu/lib/../lib64 -L/opt/hisi-linux/x86-arm/aarch64-himix100-linux/host_bin/../lib/gcc/aarch64-linux-gnu/6.3.0/../../../../aarch64-linux-gnu/lib -L/opt/hisi-linux/x86-arm/aarch64-himix100-linux/host_bin/../target/lib -L/opt/hisi-linux/x86-arm/aarch64-himix100-linux/host_bin/../target/usr/lib CMakeFiles/cmTryCompileExec431195969.dir/CMakeCCompilerABI.c.o -lgcc --as-needed -lgcc_s --no-as-needed -lc -lgcc --as-needed -lgcc_s --no-as-needed /opt/hisi-linux/x86-arm/aarch64-himix100-linux/host_bin/../lib/gcc/aarch64-linux-gnu/6.3.0/crtend.o /opt/hisi-linux/x86-arm/aarch64-himix100-linux/host_bin/../target/usr/lib/crtn.o
COLLECT_GCC_OPTIONS='-v' '-o' 'cmTryCompileExec431195969' '-rdynamic' '-march=armv8-a' '-mlittle-endian' '-mabi=lp64' '-fno-tree-coalesce-vars'
make[1]: Leaving directory `/root/ncnn/ncnn/examples/dlib-19.15/dlib/build/CMakeFiles/CMakeTmp'


Parsed C implicit link information from above output:
  link line regex: [^( *|.*[/\])(aarch64-himix100-linux-ld|([^/\]+-)?ld|collect2)[^/\]*( |$)]
  ignore line: [Change Dir: /root/ncnn/ncnn/examples/dlib-19.15/dlib/build/CMakeFiles/CMakeTmp]
  ignore line: []
  ignore line: [Run Build Command:/usr/bin/make "cmTryCompileExec431195969/fast"]
  ignore line: [/usr/bin/make -f CMakeFiles/cmTryCompileExec431195969.dir/build.make CMakeFiles/cmTryCompileExec431195969.dir/build]
  ignore line: [make[1]: Entering directory `/root/ncnn/ncnn/examples/dlib-19.15/dlib/build/CMakeFiles/CMakeTmp']
  ignore line: [/usr/bin/cmake -E cmake_progress_report /root/ncnn/ncnn/examples/dlib-19.15/dlib/build/CMakeFiles/CMakeTmp/CMakeFiles 1]
  ignore line: [Building C object CMakeFiles/cmTryCompileExec431195969.dir/CMakeCCompilerABI.c.o]
  ignore line: [/opt/hisi-linux/x86-arm/aarch64-himix100-linux/bin/aarch64-himix100-linux-gcc    -o CMakeFiles/cmTryCompileExec431195969.dir/CMakeCCompilerABI.c.o   -c /usr/share/cmake-2.8/Modules/CMakeCCompilerABI.c]
  ignore line: [Linking C executable cmTryCompileExec431195969]
  ignore line: [/usr/bin/cmake -E cmake_link_script CMakeFiles/cmTryCompileExec431195969.dir/link.txt --verbose=1]
  ignore line: [/opt/hisi-linux/x86-arm/aarch64-himix100-linux/bin/aarch64-himix100-linux-gcc     -v CMakeFiles/cmTryCompileExec431195969.dir/CMakeCCompilerABI.c.o  -o cmTryCompileExec431195969 -rdynamic  ]
  ignore line: [Using built-in specs.]
  ignore line: [COLLECT_GCC=/opt/hisi-linux/x86-arm/aarch64-himix100-linux/bin/aarch64-himix100-linux-gcc]
  ignore line: [COLLECT_LTO_WRAPPER=/opt/hisi-linux/x86-arm/aarch64-himix100-linux/host_bin/../libexec/gcc/aarch64-linux-gnu/6.3.0/lto-wrapper]
  ignore line: [Target: aarch64-linux-gnu]
  ignore line: [Configured with: /usr1/code/CODE_CCTD_V1R1C00/code/current/SDK_CPU_UNIFIED/build/script/aarch64-himix100-linux/aarch64_himix100_build_dir/src/gcc-6.3.0/configure --build=x86_64-linux-gnu --host=x86_64-linux-gnu --target=aarch64-linux-gnu --with-arch=armv8-a --prefix=/usr1/code/CODE_CCTD_V1R1C00/code/current/SDK_CPU_UNIFIED/build/script/aarch64-himix100-linux/aarch64_himix100_build_dir/install --with-specs='%{!ftree-coalesce-vars:-fno-tree-coalesce-vars}' --disable-libmudflap --enable-libssp --disable-libstdcxx-pch --disable-multilib --enable-multiarch --with-gnu-as --with-gnu-ld --enable-libgomp --disable-libitm --enable-checking=yes --enable-lto --enable-c99 --enable-long-long --enable-nls --enable-fix-cortex-a53-835769 --enable-fix-cortex-a53-843419 --enable-shared --with-pkgversion='Compiler & Codesign TD V100R001C00B119' --enable-languages=c,c++ --with-headers=/usr1/code/CODE_CCTD_V1R1C00/code/current/SDK_CPU_UNIFIED/build/script/aarch64-himix100-linux/aarch64_himix100_build_dir/install/target/usr/include --with-sysroot=/usr1/code/CODE_CCTD_V1R1C00/code/current/SDK_CPU_UNIFIED/build/script/aarch64-himix100-linux/aarch64_himix100_build_dir/install/target --with-build-sysroot=/usr1/code/CODE_CCTD_V1R1C00/code/current/SDK_CPU_UNIFIED/build/script/aarch64-himix100-linux/aarch64_himix100_build_dir/install/target --with-gmp=/usr1/code/CODE_CCTD_V1R1C00/code/current/SDK_CPU_UNIFIED/build/script/aarch64-himix100-linux/aarch64_himix100_build_dir/obj/host-libs/usr --with-mpfr=/usr1/code/CODE_CCTD_V1R1C00/code/current/SDK_CPU_UNIFIED/build/script/aarch64-himix100-linux/aarch64_himix100_build_dir/obj/host-libs/usr --with-mpc=/usr1/code/CODE_CCTD_V1R1C00/code/current/SDK_CPU_UNIFIED/build/script/aarch64-himix100-linux/aarch64_himix100_build_dir/obj/host-libs/usr --with-cloog=/usr1/code/CODE_CCTD_V1R1C00/code/current/SDK_CPU_UNIFIED/build/script/aarch64-himix100-linux/aarch64_himix100_build_dir/obj/host-libs/usr --with-build-time-tools=/usr1/code/CODE_CCTD_V1R1C00/code/current/SDK_CPU_UNIFIED/build/script/aarch64-himix100-linux/aarch64_himix100_build_dir/install/aarch64-linux-gnu/bin --libdir=/usr1/code/CODE_CCTD_V1R1C00/code/current/SDK_CPU_UNIFIED/build/script/aarch64-himix100-linux/aarch64_himix100_build_dir/install/lib]
  ignore line: [Thread model: posix]
  ignore line: [gcc version 6.3.0 (Compiler & Codesign TD V100R001C00B119) ]
  ignore line: [COMPILER_PATH=/opt/hisi-linux/x86-arm/aarch64-himix100-linux/host_bin/../libexec/gcc/aarch64-linux-gnu/6.3.0/:/opt/hisi-linux/x86-arm/aarch64-himix100-linux/host_bin/../libexec/gcc/aarch64-linux-gnu/:/opt/hisi-linux/x86-arm/aarch64-himix100-linux/host_bin/../libexec/gcc/:/opt/hisi-linux/x86-arm/aarch64-himix100-linux/host_bin/../lib/gcc/aarch64-linux-gnu/6.3.0/../../../../aarch64-linux-gnu/bin/]
  ignore line: [LIBRARY_PATH=/opt/hisi-linux/x86-arm/aarch64-himix100-linux/host_bin/../lib/gcc/aarch64-linux-gnu/6.3.0/:/opt/hisi-linux/x86-arm/aarch64-himix100-linux/host_bin/../lib/gcc/aarch64-linux-gnu/:/opt/hisi-linux/x86-arm/aarch64-himix100-linux/host_bin/../lib/gcc/:/opt/hisi-linux/x86-arm/aarch64-himix100-linux/host_bin/../lib/gcc/aarch64-linux-gnu/6.3.0/../../../../aarch64-linux-gnu/lib/../lib64/:/opt/hisi-linux/x86-arm/aarch64-himix100-linux/host_bin/../lib/gcc/aarch64-linux-gnu/6.3.0/../../../../aarch64-linux-gnu/lib/:/opt/hisi-linux/x86-arm/aarch64-himix100-linux/host_bin/../target/lib/:/opt/hisi-linux/x86-arm/aarch64-himix100-linux/host_bin/../target/usr/lib/]
  ignore line: [COLLECT_GCC_OPTIONS='-v' '-o' 'cmTryCompileExec431195969' '-rdynamic' '-march=armv8-a' '-mlittle-endian' '-mabi=lp64' '-fno-tree-coalesce-vars']
  link line: [ /opt/hisi-linux/x86-arm/aarch64-himix100-linux/host_bin/../libexec/gcc/aarch64-linux-gnu/6.3.0/collect2 -plugin /opt/hisi-linux/x86-arm/aarch64-himix100-linux/host_bin/../libexec/gcc/aarch64-linux-gnu/6.3.0/liblto_plugin.so -plugin-opt=/opt/hisi-linux/x86-arm/aarch64-himix100-linux/host_bin/../libexec/gcc/aarch64-linux-gnu/6.3.0/lto-wrapper -plugin-opt=-fresolution=/tmp/ccCBj9UG.res -plugin-opt=-pass-through=-lgcc -plugin-opt=-pass-through=-lgcc_s -plugin-opt=-pass-through=-lc -plugin-opt=-pass-through=-lgcc -plugin-opt=-pass-through=-lgcc_s --sysroot=/opt/hisi-linux/x86-arm/aarch64-himix100-linux/host_bin/../target --eh-frame-hdr -export-dynamic -dynamic-linker /lib/ld-linux-aarch64.so.1 -X -EL -maarch64linux --fix-cortex-a53-835769 --fix-cortex-a53-843419 -o cmTryCompileExec431195969 /opt/hisi-linux/x86-arm/aarch64-himix100-linux/host_bin/../target/usr/lib/crt1.o /opt/hisi-linux/x86-arm/aarch64-himix100-linux/host_bin/../target/usr/lib/crti.o /opt/hisi-linux/x86-arm/aarch64-himix100-linux/host_bin/../lib/gcc/aarch64-linux-gnu/6.3.0/crtbegin.o -L/opt/hisi-linux/x86-arm/aarch64-himix100-linux/host_bin/../lib/gcc/aarch64-linux-gnu/6.3.0 -L/opt/hisi-linux/x86-arm/aarch64-himix100-linux/host_bin/../lib/gcc/aarch64-linux-gnu -L/opt/hisi-linux/x86-arm/aarch64-himix100-linux/host_bin/../lib/gcc -L/opt/hisi-linux/x86-arm/aarch64-himix100-linux/host_bin/../lib/gcc/aarch64-linux-gnu/6.3.0/../../../../aarch64-linux-gnu/lib/../lib64 -L/opt/hisi-linux/x86-arm/aarch64-himix100-linux/host_bin/../lib/gcc/aarch64-linux-gnu/6.3.0/../../../../aarch64-linux-gnu/lib -L/opt/hisi-linux/x86-arm/aarch64-himix100-linux/host_bin/../target/lib -L/opt/hisi-linux/x86-arm/aarch64-himix100-linux/host_bin/../target/usr/lib CMakeFiles/cmTryCompileExec431195969.dir/CMakeCCompilerABI.c.o -lgcc --as-needed -lgcc_s --no-as-needed -lc -lgcc --as-needed -lgcc_s --no-as-needed /opt/hisi-linux/x86-arm/aarch64-himix100-linux/host_bin/../lib/gcc/aarch64-linux-gnu/6.3.0/crtend.o /opt/hisi-linux/x86-arm/aarch64-himix100-linux/host_bin/../target/usr/lib/crtn.o]
    arg [/opt/hisi-linux/x86-arm/aarch64-himix100-linux/host_bin/../libexec/gcc/aarch64-linux-gnu/6.3.0/collect2] ==> ignore
    arg [-plugin] ==> ignore
    arg [/opt/hisi-linux/x86-arm/aarch64-himix100-linux/host_bin/../libexec/gcc/aarch64-linux-gnu/6.3.0/liblto_plugin.so] ==> ignore
    arg [-plugin-opt=/opt/hisi-linux/x86-arm/aarch64-himix100-linux/host_bin/../libexec/gcc/aarch64-linux-gnu/6.3.0/lto-wrapper] ==> ignore
    arg [-plugin-opt=-fresolution=/tmp/ccCBj9UG.res] ==> ignore
    arg [-plugin-opt=-pass-through=-lgcc] ==> ignore
    arg [-plugin-opt=-pass-through=-lgcc_s] ==> ignore
    arg [-plugin-opt=-pass-through=-lc] ==> ignore
    arg [-plugin-opt=-pass-through=-lgcc] ==> ignore
    arg [-plugin-opt=-pass-through=-lgcc_s] ==> ignore
    arg [--sysroot=/opt/hisi-linux/x86-arm/aarch64-himix100-linux/host_bin/../target] ==> ignore
    arg [--eh-frame-hdr] ==> ignore
    arg [-export-dynamic] ==> ignore
    arg [-dynamic-linker] ==> ignore
    arg [/lib/ld-linux-aarch64.so.1] ==> ignore
    arg [-X] ==> ignore
    arg [-EL] ==> ignore
    arg [-maarch64linux] ==> ignore
    arg [--fix-cortex-a53-835769] ==> ignore
    arg [--fix-cortex-a53-843419] ==> ignore
    arg [-o] ==> ignore
    arg [cmTryCompileExec431195969] ==> ignore
    arg [/opt/hisi-linux/x86-arm/aarch64-himix100-linux/host_bin/../target/usr/lib/crt1.o] ==> ignore
    arg [/opt/hisi-linux/x86-arm/aarch64-himix100-linux/host_bin/../target/usr/lib/crti.o] ==> ignore
    arg [/opt/hisi-linux/x86-arm/aarch64-himix100-linux/host_bin/../lib/gcc/aarch64-linux-gnu/6.3.0/crtbegin.o] ==> ignore
    arg [-L/opt/hisi-linux/x86-arm/aarch64-himix100-linux/host_bin/../lib/gcc/aarch64-linux-gnu/6.3.0] ==> dir [/opt/hisi-linux/x86-arm/aarch64-himix100-linux/host_bin/../lib/gcc/aarch64-linux-gnu/6.3.0]
    arg [-L/opt/hisi-linux/x86-arm/aarch64-himix100-linux/host_bin/../lib/gcc/aarch64-linux-gnu] ==> dir [/opt/hisi-linux/x86-arm/aarch64-himix100-linux/host_bin/../lib/gcc/aarch64-linux-gnu]
    arg [-L/opt/hisi-linux/x86-arm/aarch64-himix100-linux/host_bin/../lib/gcc] ==> dir [/opt/hisi-linux/x86-arm/aarch64-himix100-linux/host_bin/../lib/gcc]
    arg [-L/opt/hisi-linux/x86-arm/aarch64-himix100-linux/host_bin/../lib/gcc/aarch64-linux-gnu/6.3.0/../../../../aarch64-linux-gnu/lib/../lib64] ==> dir [/opt/hisi-linux/x86-arm/aarch64-himix100-linux/host_bin/../lib/gcc/aarch64-linux-gnu/6.3.0/../../../../aarch64-linux-gnu/lib/../lib64]
    arg [-L/opt/hisi-linux/x86-arm/aarch64-himix100-linux/host_bin/../lib/gcc/aarch64-linux-gnu/6.3.0/../../../../aarch64-linux-gnu/lib] ==> dir [/opt/hisi-linux/x86-arm/aarch64-himix100-linux/host_bin/../lib/gcc/aarch64-linux-gnu/6.3.0/../../../../aarch64-linux-gnu/lib]
    arg [-L/opt/hisi-linux/x86-arm/aarch64-himix100-linux/host_bin/../target/lib] ==> dir [/opt/hisi-linux/x86-arm/aarch64-himix100-linux/host_bin/../target/lib]
    arg [-L/opt/hisi-linux/x86-arm/aarch64-himix100-linux/host_bin/../target/usr/lib] ==> dir [/opt/hisi-linux/x86-arm/aarch64-himix100-linux/host_bin/../target/usr/lib]
    arg [CMakeFiles/cmTryCompileExec431195969.dir/CMakeCCompilerABI.c.o] ==> ignore
    arg [-lgcc] ==> lib [gcc]
    arg [--as-needed] ==> ignore
    arg [-lgcc_s] ==> lib [gcc_s]
    arg [--no-as-needed] ==> ignore
    arg [-lc] ==> lib [c]
    arg [-lgcc] ==> lib [gcc]
    arg [--as-needed] ==> ignore
    arg [-lgcc_s] ==> lib [gcc_s]
    arg [--no-as-needed] ==> ignore
    arg [/opt/hisi-linux/x86-arm/aarch64-himix100-linux/host_bin/../lib/gcc/aarch64-linux-gnu/6.3.0/crtend.o] ==> ignore
    arg [/opt/hisi-linux/x86-arm/aarch64-himix100-linux/host_bin/../target/usr/lib/crtn.o] ==> ignore
  remove lib [gcc]
  remove lib [gcc_s]
  remove lib [gcc]
  remove lib [gcc_s]
  collapse library dir [/opt/hisi-linux/x86-arm/aarch64-himix100-linux/host_bin/../lib/gcc/aarch64-linux-gnu/6.3.0] ==> [/opt/hisi-linux/x86-arm/aarch64-himix100-linux/lib/gcc/aarch64-linux-gnu/6.3.0]
  collapse library dir [/opt/hisi-linux/x86-arm/aarch64-himix100-linux/host_bin/../lib/gcc/aarch64-linux-gnu] ==> [/opt/hisi-linux/x86-arm/aarch64-himix100-linux/lib/gcc/aarch64-linux-gnu]
  collapse library dir [/opt/hisi-linux/x86-arm/aarch64-himix100-linux/host_bin/../lib/gcc] ==> [/opt/hisi-linux/x86-arm/aarch64-himix100-linux/lib/gcc]
  collapse library dir [/opt/hisi-linux/x86-arm/aarch64-himix100-linux/host_bin/../lib/gcc/aarch64-linux-gnu/6.3.0/../../../../aarch64-linux-gnu/lib/../lib64] ==> [/opt/hisi-linux/x86-arm/aarch64-himix100-linux/aarch64-linux-gnu/lib64]
  collapse library dir [/opt/hisi-linux/x86-arm/aarch64-himix100-linux/host_bin/../lib/gcc/aarch64-linux-gnu/6.3.0/../../../../aarch64-linux-gnu/lib] ==> [/opt/hisi-linux/x86-arm/aarch64-himix100-linux/aarch64-linux-gnu/lib]
  collapse library dir [/opt/hisi-linux/x86-arm/aarch64-himix100-linux/host_bin/../target/lib] ==> [/opt/hisi-linux/x86-arm/aarch64-himix100-linux/target/lib]
  collapse library dir [/opt/hisi-linux/x86-arm/aarch64-himix100-linux/host_bin/../target/usr/lib] ==> [/opt/hisi-linux/x86-arm/aarch64-himix100-linux/target/usr/lib]
  implicit libs: [c]
  implicit dirs: [/opt/hisi-linux/x86-arm/aarch64-himix100-linux/lib/gcc/aarch64-linux-gnu/6.3.0;/opt/hisi-linux/x86-arm/aarch64-himix100-linux/lib/gcc/aarch64-linux-gnu;/opt/hisi-linux/x86-arm/aarch64-himix100-linux/lib/gcc;/opt/hisi-linux/x86-arm/aarch64-himix100-linux/aarch64-linux-gnu/lib64;/opt/hisi-linux/x86-arm/aarch64-himix100-linux/aarch64-linux-gnu/lib;/opt/hisi-linux/x86-arm/aarch64-himix100-linux/target/lib;/opt/hisi-linux/x86-arm/aarch64-himix100-linux/target/usr/lib]
  implicit fwks: []


Determining if the CXX compiler works passed with the following output:
Change Dir: /root/ncnn/ncnn/examples/dlib-19.15/dlib/build/CMakeFiles/CMakeTmp

Run Build Command:/usr/bin/make "cmTryCompileExec3080934980/fast"
/usr/bin/make -f CMakeFiles/cmTryCompileExec3080934980.dir/build.make CMakeFiles/cmTryCompileExec3080934980.dir/build
make[1]: Entering directory `/root/ncnn/ncnn/examples/dlib-19.15/dlib/build/CMakeFiles/CMakeTmp'
/usr/bin/cmake -E cmake_progress_report /root/ncnn/ncnn/examples/dlib-19.15/dlib/build/CMakeFiles/CMakeTmp/CMakeFiles 1
Building CXX object CMakeFiles/cmTryCompileExec3080934980.dir/testCXXCompiler.cxx.o
/opt/hisi-linux/x86-arm/aarch64-himix100-linux/bin/aarch64-himix100-linux-g++     -o CMakeFiles/cmTryCompileExec3080934980.dir/testCXXCompiler.cxx.o -c /root/ncnn/ncnn/examples/dlib-19.15/dlib/build/CMakeFiles/CMakeTmp/testCXXCompiler.cxx
Linking CXX executable cmTryCompileExec3080934980
/usr/bin/cmake -E cmake_link_script CMakeFiles/cmTryCompileExec3080934980.dir/link.txt --verbose=1
/opt/hisi-linux/x86-arm/aarch64-himix100-linux/bin/aarch64-himix100-linux-g++        CMakeFiles/cmTryCompileExec3080934980.dir/testCXXCompiler.cxx.o  -o cmTryCompileExec3080934980 -rdynamic 
make[1]: Leaving directory `/root/ncnn/ncnn/examples/dlib-19.15/dlib/build/CMakeFiles/CMakeTmp'


Detecting CXX compiler ABI info compiled with the following output:
Change Dir: /root/ncnn/ncnn/examples/dlib-19.15/dlib/build/CMakeFiles/CMakeTmp

Run Build Command:/usr/bin/make "cmTryCompileExec818404249/fast"
/usr/bin/make -f CMakeFiles/cmTryCompileExec818404249.dir/build.make CMakeFiles/cmTryCompileExec818404249.dir/build
make[1]: Entering directory `/root/ncnn/ncnn/examples/dlib-19.15/dlib/build/CMakeFiles/CMakeTmp'
/usr/bin/cmake -E cmake_progress_report /root/ncnn/ncnn/examples/dlib-19.15/dlib/build/CMakeFiles/CMakeTmp/CMakeFiles 1
Building CXX object CMakeFiles/cmTryCompileExec818404249.dir/CMakeCXXCompilerABI.cpp.o
/opt/hisi-linux/x86-arm/aarch64-himix100-linux/bin/aarch64-himix100-linux-g++     -o CMakeFiles/cmTryCompileExec818404249.dir/CMakeCXXCompilerABI.cpp.o -c /usr/share/cmake-2.8/Modules/CMakeCXXCompilerABI.cpp
Linking CXX executable cmTryCompileExec818404249
/usr/bin/cmake -E cmake_link_script CMakeFiles/cmTryCompileExec818404249.dir/link.txt --verbose=1
/opt/hisi-linux/x86-arm/aarch64-himix100-linux/bin/aarch64-himix100-linux-g++      -v CMakeFiles/cmTryCompileExec818404249.dir/CMakeCXXCompilerABI.cpp.o  -o cmTryCompileExec818404249 -rdynamic  
Using built-in specs.
COLLECT_GCC=/opt/hisi-linux/x86-arm/aarch64-himix100-linux/bin/aarch64-himix100-linux-g++
COLLECT_LTO_WRAPPER=/opt/hisi-linux/x86-arm/aarch64-himix100-linux/host_bin/../libexec/gcc/aarch64-linux-gnu/6.3.0/lto-wrapper
Target: aarch64-linux-gnu
Configured with: /usr1/code/CODE_CCTD_V1R1C00/code/current/SDK_CPU_UNIFIED/build/script/aarch64-himix100-linux/aarch64_himix100_build_dir/src/gcc-6.3.0/configure --build=x86_64-linux-gnu --host=x86_64-linux-gnu --target=aarch64-linux-gnu --with-arch=armv8-a --prefix=/usr1/code/CODE_CCTD_V1R1C00/code/current/SDK_CPU_UNIFIED/build/script/aarch64-himix100-linux/aarch64_himix100_build_dir/install --with-specs='%{!ftree-coalesce-vars:-fno-tree-coalesce-vars}' --disable-libmudflap --enable-libssp --disable-libstdcxx-pch --disable-multilib --enable-multiarch --with-gnu-as --with-gnu-ld --enable-libgomp --disable-libitm --enable-checking=yes --enable-lto --enable-c99 --enable-long-long --enable-nls --enable-fix-cortex-a53-835769 --enable-fix-cortex-a53-843419 --enable-shared --with-pkgversion='Compiler & Codesign TD V100R001C00B119' --enable-languages=c,c++ --with-headers=/usr1/code/CODE_CCTD_V1R1C00/code/current/SDK_CPU_UNIFIED/build/script/aarch64-himix100-linux/aarch64_himix100_build_dir/install/target/usr/include --with-sysroot=/usr1/code/CODE_CCTD_V1R1C00/code/current/SDK_CPU_UNIFIED/build/script/aarch64-himix100-linux/aarch64_himix100_build_dir/install/target --with-build-sysroot=/usr1/code/CODE_CCTD_V1R1C00/code/current/SDK_CPU_UNIFIED/build/script/aarch64-himix100-linux/aarch64_himix100_build_dir/install/target --with-gmp=/usr1/code/CODE_CCTD_V1R1C00/code/current/SDK_CPU_UNIFIED/build/script/aarch64-himix100-linux/aarch64_himix100_build_dir/obj/host-libs/usr --with-mpfr=/usr1/code/CODE_CCTD_V1R1C00/code/current/SDK_CPU_UNIFIED/build/script/aarch64-himix100-linux/aarch64_himix100_build_dir/obj/host-libs/usr --with-mpc=/usr1/code/CODE_CCTD_V1R1C00/code/current/SDK_CPU_UNIFIED/build/script/aarch64-himix100-linux/aarch64_himix100_build_dir/obj/host-libs/usr --with-cloog=/usr1/code/CODE_CCTD_V1R1C00/code/current/SDK_CPU_UNIFIED/build/script/aarch64-himix100-linux/aarch64_himix100_build_dir/obj/host-libs/usr --with-build-time-tools=/usr1/code/CODE_CCTD_V1R1C00/code/current/SDK_CPU_UNIFIED/build/script/aarch64-himix100-linux/aarch64_himix100_build_dir/install/aarch64-linux-gnu/bin --libdir=/usr1/code/CODE_CCTD_V1R1C00/code/current/SDK_CPU_UNIFIED/build/script/aarch64-himix100-linux/aarch64_himix100_build_dir/install/lib
Thread model: posix
gcc version 6.3.0 (Compiler & Codesign TD V100R001C00B119) 
COMPILER_PATH=/opt/hisi-linux/x86-arm/aarch64-himix100-linux/host_bin/../libexec/gcc/aarch64-linux-gnu/6.3.0/:/opt/hisi-linux/x86-arm/aarch64-himix100-linux/host_bin/../libexec/gcc/aarch64-linux-gnu/:/opt/hisi-linux/x86-arm/aarch64-himix100-linux/host_bin/../libexec/gcc/:/opt/hisi-linux/x86-arm/aarch64-himix100-linux/host_bin/../lib/gcc/aarch64-linux-gnu/6.3.0/../../../../aarch64-linux-gnu/bin/
LIBRARY_PATH=/opt/hisi-linux/x86-arm/aarch64-himix100-linux/host_bin/../lib/gcc/aarch64-linux-gnu/6.3.0/:/opt/hisi-linux/x86-arm/aarch64-himix100-linux/host_bin/../lib/gcc/aarch64-linux-gnu/:/opt/hisi-linux/x86-arm/aarch64-himix100-linux/host_bin/../lib/gcc/:/opt/hisi-linux/x86-arm/aarch64-himix100-linux/host_bin/../lib/gcc/aarch64-linux-gnu/6.3.0/../../../../aarch64-linux-gnu/lib/../lib64/:/opt/hisi-linux/x86-arm/aarch64-himix100-linux/host_bin/../lib/gcc/aarch64-linux-gnu/6.3.0/../../../../aarch64-linux-gnu/lib/:/opt/hisi-linux/x86-arm/aarch64-himix100-linux/host_bin/../target/lib/:/opt/hisi-linux/x86-arm/aarch64-himix100-linux/host_bin/../target/usr/lib/
COLLECT_GCC_OPTIONS='-v' '-o' 'cmTryCompileExec818404249' '-rdynamic' '-shared-libgcc' '-march=armv8-a' '-mlittle-endian' '-mabi=lp64' '-fno-tree-coalesce-vars'
 /opt/hisi-linux/x86-arm/aarch64-himix100-linux/host_bin/../libexec/gcc/aarch64-linux-gnu/6.3.0/collect2 -plugin /opt/hisi-linux/x86-arm/aarch64-himix100-linux/host_bin/../libexec/gcc/aarch64-linux-gnu/6.3.0/liblto_plugin.so -plugin-opt=/opt/hisi-linux/x86-arm/aarch64-himix100-linux/host_bin/../libexec/gcc/aarch64-linux-gnu/6.3.0/lto-wrapper -plugin-opt=-fresolution=/tmp/ccmno80S.res -plugin-opt=-pass-through=-lgcc_s -plugin-opt=-pass-through=-lgcc -plugin-opt=-pass-through=-lc -plugin-opt=-pass-through=-lgcc_s -plugin-opt=-pass-through=-lgcc --sysroot=/opt/hisi-linux/x86-arm/aarch64-himix100-linux/host_bin/../target --eh-frame-hdr -export-dynamic -dynamic-linker /lib/ld-linux-aarch64.so.1 -X -EL -maarch64linux --fix-cortex-a53-835769 --fix-cortex-a53-843419 -o cmTryCompileExec818404249 /opt/hisi-linux/x86-arm/aarch64-himix100-linux/host_bin/../target/usr/lib/crt1.o /opt/hisi-linux/x86-arm/aarch64-himix100-linux/host_bin/../target/usr/lib/crti.o /opt/hisi-linux/x86-arm/aarch64-himix100-linux/host_bin/../lib/gcc/aarch64-linux-gnu/6.3.0/crtbegin.o -L/opt/hisi-linux/x86-arm/aarch64-himix100-linux/host_bin/../lib/gcc/aarch64-linux-gnu/6.3.0 -L/opt/hisi-linux/x86-arm/aarch64-himix100-linux/host_bin/../lib/gcc/aarch64-linux-gnu -L/opt/hisi-linux/x86-arm/aarch64-himix100-linux/host_bin/../lib/gcc -L/opt/hisi-linux/x86-arm/aarch64-himix100-linux/host_bin/../lib/gcc/aarch64-linux-gnu/6.3.0/../../../../aarch64-linux-gnu/lib/../lib64 -L/opt/hisi-linux/x86-arm/aarch64-himix100-linux/host_bin/../lib/gcc/aarch64-linux-gnu/6.3.0/../../../../aarch64-linux-gnu/lib -L/opt/hisi-linux/x86-arm/aarch64-himix100-linux/host_bin/../target/lib -L/opt/hisi-linux/x86-arm/aarch64-himix100-linux/host_bin/../target/usr/lib CMakeFiles/cmTryCompileExec818404249.dir/CMakeCXXCompilerABI.cpp.o -lstdc++ -lm -lgcc_s -lgcc -lc -lgcc_s -lgcc /opt/hisi-linux/x86-arm/aarch64-himix100-linux/host_bin/../lib/gcc/aarch64-linux-gnu/6.3.0/crtend.o /opt/hisi-linux/x86-arm/aarch64-himix100-linux/host_bin/../target/usr/lib/crtn.o
COLLECT_GCC_OPTIONS='-v' '-o' 'cmTryCompileExec818404249' '-rdynamic' '-shared-libgcc' '-march=armv8-a' '-mlittle-endian' '-mabi=lp64' '-fno-tree-coalesce-vars'
make[1]: Leaving directory `/root/ncnn/ncnn/examples/dlib-19.15/dlib/build/CMakeFiles/CMakeTmp'


Parsed CXX implicit link information from above output:
  link line regex: [^( *|.*[/\])(aarch64-himix100-linux-ld|([^/\]+-)?ld|collect2)[^/\]*( |$)]
  ignore line: [Change Dir: /root/ncnn/ncnn/examples/dlib-19.15/dlib/build/CMakeFiles/CMakeTmp]
  ignore line: []
  ignore line: [Run Build Command:/usr/bin/make "cmTryCompileExec818404249/fast"]
  ignore line: [/usr/bin/make -f CMakeFiles/cmTryCompileExec818404249.dir/build.make CMakeFiles/cmTryCompileExec818404249.dir/build]
  ignore line: [make[1]: Entering directory `/root/ncnn/ncnn/examples/dlib-19.15/dlib/build/CMakeFiles/CMakeTmp']
  ignore line: [/usr/bin/cmake -E cmake_progress_report /root/ncnn/ncnn/examples/dlib-19.15/dlib/build/CMakeFiles/CMakeTmp/CMakeFiles 1]
  ignore line: [Building CXX object CMakeFiles/cmTryCompileExec818404249.dir/CMakeCXXCompilerABI.cpp.o]
  ignore line: [/opt/hisi-linux/x86-arm/aarch64-himix100-linux/bin/aarch64-himix100-linux-g++     -o CMakeFiles/cmTryCompileExec818404249.dir/CMakeCXXCompilerABI.cpp.o -c /usr/share/cmake-2.8/Modules/CMakeCXXCompilerABI.cpp]
  ignore line: [Linking CXX executable cmTryCompileExec818404249]
  ignore line: [/usr/bin/cmake -E cmake_link_script CMakeFiles/cmTryCompileExec818404249.dir/link.txt --verbose=1]
  ignore line: [/opt/hisi-linux/x86-arm/aarch64-himix100-linux/bin/aarch64-himix100-linux-g++      -v CMakeFiles/cmTryCompileExec818404249.dir/CMakeCXXCompilerABI.cpp.o  -o cmTryCompileExec818404249 -rdynamic  ]
  ignore line: [Using built-in specs.]
  ignore line: [COLLECT_GCC=/opt/hisi-linux/x86-arm/aarch64-himix100-linux/bin/aarch64-himix100-linux-g++]
  ignore line: [COLLECT_LTO_WRAPPER=/opt/hisi-linux/x86-arm/aarch64-himix100-linux/host_bin/../libexec/gcc/aarch64-linux-gnu/6.3.0/lto-wrapper]
  ignore line: [Target: aarch64-linux-gnu]
  ignore line: [Configured with: /usr1/code/CODE_CCTD_V1R1C00/code/current/SDK_CPU_UNIFIED/build/script/aarch64-himix100-linux/aarch64_himix100_build_dir/src/gcc-6.3.0/configure --build=x86_64-linux-gnu --host=x86_64-linux-gnu --target=aarch64-linux-gnu --with-arch=armv8-a --prefix=/usr1/code/CODE_CCTD_V1R1C00/code/current/SDK_CPU_UNIFIED/build/script/aarch64-himix100-linux/aarch64_himix100_build_dir/install --with-specs='%{!ftree-coalesce-vars:-fno-tree-coalesce-vars}' --disable-libmudflap --enable-libssp --disable-libstdcxx-pch --disable-multilib --enable-multiarch --with-gnu-as --with-gnu-ld --enable-libgomp --disable-libitm --enable-checking=yes --enable-lto --enable-c99 --enable-long-long --enable-nls --enable-fix-cortex-a53-835769 --enable-fix-cortex-a53-843419 --enable-shared --with-pkgversion='Compiler & Codesign TD V100R001C00B119' --enable-languages=c,c++ --with-headers=/usr1/code/CODE_CCTD_V1R1C00/code/current/SDK_CPU_UNIFIED/build/script/aarch64-himix100-linux/aarch64_himix100_build_dir/install/target/usr/include --with-sysroot=/usr1/code/CODE_CCTD_V1R1C00/code/current/SDK_CPU_UNIFIED/build/script/aarch64-himix100-linux/aarch64_himix100_build_dir/install/target --with-build-sysroot=/usr1/code/CODE_CCTD_V1R1C00/code/current/SDK_CPU_UNIFIED/build/script/aarch64-himix100-linux/aarch64_himix100_build_dir/install/target --with-gmp=/usr1/code/CODE_CCTD_V1R1C00/code/current/SDK_CPU_UNIFIED/build/script/aarch64-himix100-linux/aarch64_himix100_build_dir/obj/host-libs/usr --with-mpfr=/usr1/code/CODE_CCTD_V1R1C00/code/current/SDK_CPU_UNIFIED/build/script/aarch64-himix100-linux/aarch64_himix100_build_dir/obj/host-libs/usr --with-mpc=/usr1/code/CODE_CCTD_V1R1C00/code/current/SDK_CPU_UNIFIED/build/script/aarch64-himix100-linux/aarch64_himix100_build_dir/obj/host-libs/usr --with-cloog=/usr1/code/CODE_CCTD_V1R1C00/code/current/SDK_CPU_UNIFIED/build/script/aarch64-himix100-linux/aarch64_himix100_build_dir/obj/host-libs/usr --with-build-time-tools=/usr1/code/CODE_CCTD_V1R1C00/code/current/SDK_CPU_UNIFIED/build/script/aarch64-himix100-linux/aarch64_himix100_build_dir/install/aarch64-linux-gnu/bin --libdir=/usr1/code/CODE_CCTD_V1R1C00/code/current/SDK_CPU_UNIFIED/build/script/aarch64-himix100-linux/aarch64_himix100_build_dir/install/lib]
  ignore line: [Thread model: posix]
  ignore line: [gcc version 6.3.0 (Compiler & Codesign TD V100R001C00B119) ]
  ignore line: [COMPILER_PATH=/opt/hisi-linux/x86-arm/aarch64-himix100-linux/host_bin/../libexec/gcc/aarch64-linux-gnu/6.3.0/:/opt/hisi-linux/x86-arm/aarch64-himix100-linux/host_bin/../libexec/gcc/aarch64-linux-gnu/:/opt/hisi-linux/x86-arm/aarch64-himix100-linux/host_bin/../libexec/gcc/:/opt/hisi-linux/x86-arm/aarch64-himix100-linux/host_bin/../lib/gcc/aarch64-linux-gnu/6.3.0/../../../../aarch64-linux-gnu/bin/]
  ignore line: [LIBRARY_PATH=/opt/hisi-linux/x86-arm/aarch64-himix100-linux/host_bin/../lib/gcc/aarch64-linux-gnu/6.3.0/:/opt/hisi-linux/x86-arm/aarch64-himix100-linux/host_bin/../lib/gcc/aarch64-linux-gnu/:/opt/hisi-linux/x86-arm/aarch64-himix100-linux/host_bin/../lib/gcc/:/opt/hisi-linux/x86-arm/aarch64-himix100-linux/host_bin/../lib/gcc/aarch64-linux-gnu/6.3.0/../../../../aarch64-linux-gnu/lib/../lib64/:/opt/hisi-linux/x86-arm/aarch64-himix100-linux/host_bin/../lib/gcc/aarch64-linux-gnu/6.3.0/../../../../aarch64-linux-gnu/lib/:/opt/hisi-linux/x86-arm/aarch64-himix100-linux/host_bin/../target/lib/:/opt/hisi-linux/x86-arm/aarch64-himix100-linux/host_bin/../target/usr/lib/]
  ignore line: [COLLECT_GCC_OPTIONS='-v' '-o' 'cmTryCompileExec818404249' '-rdynamic' '-shared-libgcc' '-march=armv8-a' '-mlittle-endian' '-mabi=lp64' '-fno-tree-coalesce-vars']
  link line: [ /opt/hisi-linux/x86-arm/aarch64-himix100-linux/host_bin/../libexec/gcc/aarch64-linux-gnu/6.3.0/collect2 -plugin /opt/hisi-linux/x86-arm/aarch64-himix100-linux/host_bin/../libexec/gcc/aarch64-linux-gnu/6.3.0/liblto_plugin.so -plugin-opt=/opt/hisi-linux/x86-arm/aarch64-himix100-linux/host_bin/../libexec/gcc/aarch64-linux-gnu/6.3.0/lto-wrapper -plugin-opt=-fresolution=/tmp/ccmno80S.res -plugin-opt=-pass-through=-lgcc_s -plugin-opt=-pass-through=-lgcc -plugin-opt=-pass-through=-lc -plugin-opt=-pass-through=-lgcc_s -plugin-opt=-pass-through=-lgcc --sysroot=/opt/hisi-linux/x86-arm/aarch64-himix100-linux/host_bin/../target --eh-frame-hdr -export-dynamic -dynamic-linker /lib/ld-linux-aarch64.so.1 -X -EL -maarch64linux --fix-cortex-a53-835769 --fix-cortex-a53-843419 -o cmTryCompileExec818404249 /opt/hisi-linux/x86-arm/aarch64-himix100-linux/host_bin/../target/usr/lib/crt1.o /opt/hisi-linux/x86-arm/aarch64-himix100-linux/host_bin/../target/usr/lib/crti.o /opt/hisi-linux/x86-arm/aarch64-himix100-linux/host_bin/../lib/gcc/aarch64-linux-gnu/6.3.0/crtbegin.o -L/opt/hisi-linux/x86-arm/aarch64-himix100-linux/host_bin/../lib/gcc/aarch64-linux-gnu/6.3.0 -L/opt/hisi-linux/x86-arm/aarch64-himix100-linux/host_bin/../lib/gcc/aarch64-linux-gnu -L/opt/hisi-linux/x86-arm/aarch64-himix100-linux/host_bin/../lib/gcc -L/opt/hisi-linux/x86-arm/aarch64-himix100-linux/host_bin/../lib/gcc/aarch64-linux-gnu/6.3.0/../../../../aarch64-linux-gnu/lib/../lib64 -L/opt/hisi-linux/x86-arm/aarch64-himix100-linux/host_bin/../lib/gcc/aarch64-linux-gnu/6.3.0/../../../../aarch64-linux-gnu/lib -L/opt/hisi-linux/x86-arm/aarch64-himix100-linux/host_bin/../target/lib -L/opt/hisi-linux/x86-arm/aarch64-himix100-linux/host_bin/../target/usr/lib CMakeFiles/cmTryCompileExec818404249.dir/CMakeCXXCompilerABI.cpp.o -lstdc++ -lm -lgcc_s -lgcc -lc -lgcc_s -lgcc /opt/hisi-linux/x86-arm/aarch64-himix100-linux/host_bin/../lib/gcc/aarch64-linux-gnu/6.3.0/crtend.o /opt/hisi-linux/x86-arm/aarch64-himix100-linux/host_bin/../target/usr/lib/crtn.o]
    arg [/opt/hisi-linux/x86-arm/aarch64-himix100-linux/host_bin/../libexec/gcc/aarch64-linux-gnu/6.3.0/collect2] ==> ignore
    arg [-plugin] ==> ignore
    arg [/opt/hisi-linux/x86-arm/aarch64-himix100-linux/host_bin/../libexec/gcc/aarch64-linux-gnu/6.3.0/liblto_plugin.so] ==> ignore
    arg [-plugin-opt=/opt/hisi-linux/x86-arm/aarch64-himix100-linux/host_bin/../libexec/gcc/aarch64-linux-gnu/6.3.0/lto-wrapper] ==> ignore
    arg [-plugin-opt=-fresolution=/tmp/ccmno80S.res] ==> ignore
    arg [-plugin-opt=-pass-through=-lgcc_s] ==> ignore
    arg [-plugin-opt=-pass-through=-lgcc] ==> ignore
    arg [-plugin-opt=-pass-through=-lc] ==> ignore
    arg [-plugin-opt=-pass-through=-lgcc_s] ==> ignore
    arg [-plugin-opt=-pass-through=-lgcc] ==> ignore
    arg [--sysroot=/opt/hisi-linux/x86-arm/aarch64-himix100-linux/host_bin/../target] ==> ignore
    arg [--eh-frame-hdr] ==> ignore
    arg [-export-dynamic] ==> ignore
    arg [-dynamic-linker] ==> ignore
    arg [/lib/ld-linux-aarch64.so.1] ==> ignore
    arg [-X] ==> ignore
    arg [-EL] ==> ignore
    arg [-maarch64linux] ==> ignore
    arg [--fix-cortex-a53-835769] ==> ignore
    arg [--fix-cortex-a53-843419] ==> ignore
    arg [-o] ==> ignore
    arg [cmTryCompileExec818404249] ==> ignore
    arg [/opt/hisi-linux/x86-arm/aarch64-himix100-linux/host_bin/../target/usr/lib/crt1.o] ==> ignore
    arg [/opt/hisi-linux/x86-arm/aarch64-himix100-linux/host_bin/../target/usr/lib/crti.o] ==> ignore
    arg [/opt/hisi-linux/x86-arm/aarch64-himix100-linux/host_bin/../lib/gcc/aarch64-linux-gnu/6.3.0/crtbegin.o] ==> ignore
    arg [-L/opt/hisi-linux/x86-arm/aarch64-himix100-linux/host_bin/../lib/gcc/aarch64-linux-gnu/6.3.0] ==> dir [/opt/hisi-linux/x86-arm/aarch64-himix100-linux/host_bin/../lib/gcc/aarch64-linux-gnu/6.3.0]
    arg [-L/opt/hisi-linux/x86-arm/aarch64-himix100-linux/host_bin/../lib/gcc/aarch64-linux-gnu] ==> dir [/opt/hisi-linux/x86-arm/aarch64-himix100-linux/host_bin/../lib/gcc/aarch64-linux-gnu]
    arg [-L/opt/hisi-linux/x86-arm/aarch64-himix100-linux/host_bin/../lib/gcc] ==> dir [/opt/hisi-linux/x86-arm/aarch64-himix100-linux/host_bin/../lib/gcc]
    arg [-L/opt/hisi-linux/x86-arm/aarch64-himix100-linux/host_bin/../lib/gcc/aarch64-linux-gnu/6.3.0/../../../../aarch64-linux-gnu/lib/../lib64] ==> dir [/opt/hisi-linux/x86-arm/aarch64-himix100-linux/host_bin/../lib/gcc/aarch64-linux-gnu/6.3.0/../../../../aarch64-linux-gnu/lib/../lib64]
    arg [-L/opt/hisi-linux/x86-arm/aarch64-himix100-linux/host_bin/../lib/gcc/aarch64-linux-gnu/6.3.0/../../../../aarch64-linux-gnu/lib] ==> dir [/opt/hisi-linux/x86-arm/aarch64-himix100-linux/host_bin/../lib/gcc/aarch64-linux-gnu/6.3.0/../../../../aarch64-linux-gnu/lib]
    arg [-L/opt/hisi-linux/x86-arm/aarch64-himix100-linux/host_bin/../target/lib] ==> dir [/opt/hisi-linux/x86-arm/aarch64-himix100-linux/host_bin/../target/lib]
    arg [-L/opt/hisi-linux/x86-arm/aarch64-himix100-linux/host_bin/../target/usr/lib] ==> dir [/opt/hisi-linux/x86-arm/aarch64-himix100-linux/host_bin/../target/usr/lib]
    arg [CMakeFiles/cmTryCompileExec818404249.dir/CMakeCXXCompilerABI.cpp.o] ==> ignore
    arg [-lstdc++] ==> lib [stdc++]
    arg [-lm] ==> lib [m]
    arg [-lgcc_s] ==> lib [gcc_s]
    arg [-lgcc] ==> lib [gcc]
    arg [-lc] ==> lib [c]
    arg [-lgcc_s] ==> lib [gcc_s]
    arg [-lgcc] ==> lib [gcc]
    arg [/opt/hisi-linux/x86-arm/aarch64-himix100-linux/host_bin/../lib/gcc/aarch64-linux-gnu/6.3.0/crtend.o] ==> ignore
    arg [/opt/hisi-linux/x86-arm/aarch64-himix100-linux/host_bin/../target/usr/lib/crtn.o] ==> ignore
  remove lib [gcc_s]
  remove lib [gcc]
  remove lib [gcc_s]
  remove lib [gcc]
  collapse library dir [/opt/hisi-linux/x86-arm/aarch64-himix100-linux/host_bin/../lib/gcc/aarch64-linux-gnu/6.3.0] ==> [/opt/hisi-linux/x86-arm/aarch64-himix100-linux/lib/gcc/aarch64-linux-gnu/6.3.0]
  collapse library dir [/opt/hisi-linux/x86-arm/aarch64-himix100-linux/host_bin/../lib/gcc/aarch64-linux-gnu] ==> [/opt/hisi-linux/x86-arm/aarch64-himix100-linux/lib/gcc/aarch64-linux-gnu]
  collapse library dir [/opt/hisi-linux/x86-arm/aarch64-himix100-linux/host_bin/../lib/gcc] ==> [/opt/hisi-linux/x86-arm/aarch64-himix100-linux/lib/gcc]
  collapse library dir [/opt/hisi-linux/x86-arm/aarch64-himix100-linux/host_bin/../lib/gcc/aarch64-linux-gnu/6.3.0/../../../../aarch64-linux-gnu/lib/../lib64] ==> [/opt/hisi-linux/x86-arm/aarch64-himix100-linux/aarch64-linux-gnu/lib64]
  collapse library dir [/opt/hisi-linux/x86-arm/aarch64-himix100-linux/host_bin/../lib/gcc/aarch64-linux-gnu/6.3.0/../../../../aarch64-linux-gnu/lib] ==> [/opt/hisi-linux/x86-arm/aarch64-himix100-linux/aarch64-linux-gnu/lib]
  collapse library dir [/opt/hisi-linux/x86-arm/aarch64-himix100-linux/host_bin/../target/lib] ==> [/opt/hisi-linux/x86-arm/aarch64-himix100-linux/target/lib]
  collapse library dir [/opt/hisi-linux/x86-arm/aarch64-himix100-linux/host_bin/../target/usr/lib] ==> [/opt/hisi-linux/x86-arm/aarch64-himix100-linux/target/usr/lib]
  implicit libs: [stdc++;m;c]
  implicit dirs: [/opt/hisi-linux/x86-arm/aarch64-himix100-linux/lib/gcc/aarch64-linux-gnu/6.3.0;/opt/hisi-linux/x86-arm/aarch64-himix100-linux/lib/gcc/aarch64-linux-gnu;/opt/hisi-linux/x86-arm/aarch64-himix100-linux/lib/gcc;/opt/hisi-linux/x86-arm/aarch64-himix100-linux/aarch64-linux-gnu/lib64;/opt/hisi-linux/x86-arm/aarch64-himix100-linux/aarch64-linux-gnu/lib;/opt/hisi-linux/x86-arm/aarch64-himix100-linux/target/lib;/opt/hisi-linux/x86-arm/aarch64-himix100-linux/target/usr/lib]
  implicit fwks: []


Determining if files pthread.h exist passed with the following output:
Change Dir: /root/ncnn/ncnn/examples/dlib-19.15/dlib/build/CMakeFiles/CMakeTmp

Run Build Command:/usr/bin/make "cmTryCompileExec2894197630/fast"
/usr/bin/make -f CMakeFiles/cmTryCompileExec2894197630.dir/build.make CMakeFiles/cmTryCompileExec2894197630.dir/build
make[1]: Entering directory `/root/ncnn/ncnn/examples/dlib-19.15/dlib/build/CMakeFiles/CMakeTmp'
/usr/bin/cmake -E cmake_progress_report /root/ncnn/ncnn/examples/dlib-19.15/dlib/build/CMakeFiles/CMakeTmp/CMakeFiles 1
Building C object CMakeFiles/cmTryCompileExec2894197630.dir/CheckIncludeFiles.c.o
/opt/hisi-linux/x86-arm/aarch64-himix100-linux/bin/aarch64-himix100-linux-gcc    -o CMakeFiles/cmTryCompileExec2894197630.dir/CheckIncludeFiles.c.o   -c /root/ncnn/ncnn/examples/dlib-19.15/dlib/build/CMakeFiles/CMakeTmp/CheckIncludeFiles.c
Linking C executable cmTryCompileExec2894197630
/usr/bin/cmake -E cmake_link_script CMakeFiles/cmTryCompileExec2894197630.dir/link.txt --verbose=1
/opt/hisi-linux/x86-arm/aarch64-himix100-linux/bin/aarch64-himix100-linux-gcc       CMakeFiles/cmTryCompileExec2894197630.dir/CheckIncludeFiles.c.o  -o cmTryCompileExec2894197630 -rdynamic 
make[1]: Leaving directory `/root/ncnn/ncnn/examples/dlib-19.15/dlib/build/CMakeFiles/CMakeTmp'


Determining if the function pthread_create exists in the pthread passed with the following output:
Change Dir: /root/ncnn/ncnn/examples/dlib-19.15/dlib/build/CMakeFiles/CMakeTmp

Run Build Command:/usr/bin/make "cmTryCompileExec3582583884/fast"
/usr/bin/make -f CMakeFiles/cmTryCompileExec3582583884.dir/build.make CMakeFiles/cmTryCompileExec3582583884.dir/build
make[1]: Entering directory `/root/ncnn/ncnn/examples/dlib-19.15/dlib/build/CMakeFiles/CMakeTmp'
/usr/bin/cmake -E cmake_progress_report /root/ncnn/ncnn/examples/dlib-19.15/dlib/build/CMakeFiles/CMakeTmp/CMakeFiles 1
Building C object CMakeFiles/cmTryCompileExec3582583884.dir/CheckFunctionExists.c.o
/opt/hisi-linux/x86-arm/aarch64-himix100-linux/bin/aarch64-himix100-linux-gcc   -DCHECK_FUNCTION_EXISTS=pthread_create   -o CMakeFiles/cmTryCompileExec3582583884.dir/CheckFunctionExists.c.o   -c /usr/share/cmake-2.8/Modules/CheckFunctionExists.c
Linking C executable cmTryCompileExec3582583884
/usr/bin/cmake -E cmake_link_script CMakeFiles/cmTryCompileExec3582583884.dir/link.txt --verbose=1
/opt/hisi-linux/x86-arm/aarch64-himix100-linux/bin/aarch64-himix100-linux-gcc   -DCHECK_FUNCTION_EXISTS=pthread_create    CMakeFiles/cmTryCompileExec3582583884.dir/CheckFunctionExists.c.o  -o cmTryCompileExec3582583884 -rdynamic -lpthread 
make[1]: Leaving directory `/root/ncnn/ncnn/examples/dlib-19.15/dlib/build/CMakeFiles/CMakeTmp'


Determining if the include file sys/types.h exists passed with the following output:
Change Dir: /root/ncnn/ncnn/examples/dlib-19.15/dlib/build/CMakeFiles/CMakeTmp

Run Build Command:/usr/bin/make "cmTryCompileExec4088710630/fast"
/usr/bin/make -f CMakeFiles/cmTryCompileExec4088710630.dir/build.make CMakeFiles/cmTryCompileExec4088710630.dir/build
make[1]: Entering directory `/root/ncnn/ncnn/examples/dlib-19.15/dlib/build/CMakeFiles/CMakeTmp'
/usr/bin/cmake -E cmake_progress_report /root/ncnn/ncnn/examples/dlib-19.15/dlib/build/CMakeFiles/CMakeTmp/CMakeFiles 1
Building C object CMakeFiles/cmTryCompileExec4088710630.dir/CheckIncludeFile.c.o
/opt/hisi-linux/x86-arm/aarch64-himix100-linux/bin/aarch64-himix100-linux-gcc    -o CMakeFiles/cmTryCompileExec4088710630.dir/CheckIncludeFile.c.o   -c /root/ncnn/ncnn/examples/dlib-19.15/dlib/build/CMakeFiles/CMakeTmp/CheckIncludeFile.c
Linking C executable cmTryCompileExec4088710630
/usr/bin/cmake -E cmake_link_script CMakeFiles/cmTryCompileExec4088710630.dir/link.txt --verbose=1
/opt/hisi-linux/x86-arm/aarch64-himix100-linux/bin/aarch64-himix100-linux-gcc       CMakeFiles/cmTryCompileExec4088710630.dir/CheckIncludeFile.c.o  -o cmTryCompileExec4088710630 -rdynamic 
make[1]: Leaving directory `/root/ncnn/ncnn/examples/dlib-19.15/dlib/build/CMakeFiles/CMakeTmp'


Determining if the include file stdint.h exists passed with the following output:
Change Dir: /root/ncnn/ncnn/examples/dlib-19.15/dlib/build/CMakeFiles/CMakeTmp

Run Build Command:/usr/bin/make "cmTryCompileExec87605982/fast"
/usr/bin/make -f CMakeFiles/cmTryCompileExec87605982.dir/build.make CMakeFiles/cmTryCompileExec87605982.dir/build
make[1]: Entering directory `/root/ncnn/ncnn/examples/dlib-19.15/dlib/build/CMakeFiles/CMakeTmp'
/usr/bin/cmake -E cmake_progress_report /root/ncnn/ncnn/examples/dlib-19.15/dlib/build/CMakeFiles/CMakeTmp/CMakeFiles 1
Building C object CMakeFiles/cmTryCompileExec87605982.dir/CheckIncludeFile.c.o
/opt/hisi-linux/x86-arm/aarch64-himix100-linux/bin/aarch64-himix100-linux-gcc    -o CMakeFiles/cmTryCompileExec87605982.dir/CheckIncludeFile.c.o   -c /root/ncnn/ncnn/examples/dlib-19.15/dlib/build/CMakeFiles/CMakeTmp/CheckIncludeFile.c
Linking C executable cmTryCompileExec87605982
/usr/bin/cmake -E cmake_link_script CMakeFiles/cmTryCompileExec87605982.dir/link.txt --verbose=1
/opt/hisi-linux/x86-arm/aarch64-himix100-linux/bin/aarch64-himix100-linux-gcc       CMakeFiles/cmTryCompileExec87605982.dir/CheckIncludeFile.c.o  -o cmTryCompileExec87605982 -rdynamic 
make[1]: Leaving directory `/root/ncnn/ncnn/examples/dlib-19.15/dlib/build/CMakeFiles/CMakeTmp'


Determining if the include file stddef.h exists passed with the following output:
Change Dir: /root/ncnn/ncnn/examples/dlib-19.15/dlib/build/CMakeFiles/CMakeTmp

Run Build Command:/usr/bin/make "cmTryCompileExec1477264697/fast"
/usr/bin/make -f CMakeFiles/cmTryCompileExec1477264697.dir/build.make CMakeFiles/cmTryCompileExec1477264697.dir/build
make[1]: Entering directory `/root/ncnn/ncnn/examples/dlib-19.15/dlib/build/CMakeFiles/CMakeTmp'
/usr/bin/cmake -E cmake_progress_report /root/ncnn/ncnn/examples/dlib-19.15/dlib/build/CMakeFiles/CMakeTmp/CMakeFiles 1
Building C object CMakeFiles/cmTryCompileExec1477264697.dir/CheckIncludeFile.c.o
/opt/hisi-linux/x86-arm/aarch64-himix100-linux/bin/aarch64-himix100-linux-gcc    -o CMakeFiles/cmTryCompileExec1477264697.dir/CheckIncludeFile.c.o   -c /root/ncnn/ncnn/examples/dlib-19.15/dlib/build/CMakeFiles/CMakeTmp/CheckIncludeFile.c
Linking C executable cmTryCompileExec1477264697
/usr/bin/cmake -E cmake_link_script CMakeFiles/cmTryCompileExec1477264697.dir/link.txt --verbose=1
/opt/hisi-linux/x86-arm/aarch64-himix100-linux/bin/aarch64-himix100-linux-gcc       CMakeFiles/cmTryCompileExec1477264697.dir/CheckIncludeFile.c.o  -o cmTryCompileExec1477264697 -rdynamic 
make[1]: Leaving directory `/root/ncnn/ncnn/examples/dlib-19.15/dlib/build/CMakeFiles/CMakeTmp'


Determining size of void* passed with the following output:
Change Dir: /root/ncnn/ncnn/examples/dlib-19.15/dlib/build/CMakeFiles/CMakeTmp

Run Build Command:/usr/bin/make "cmTryCompileExec2240932050/fast"
/usr/bin/make -f CMakeFiles/cmTryCompileExec2240932050.dir/build.make CMakeFiles/cmTryCompileExec2240932050.dir/build
make[1]: Entering directory `/root/ncnn/ncnn/examples/dlib-19.15/dlib/build/CMakeFiles/CMakeTmp'
/usr/bin/cmake -E cmake_progress_report /root/ncnn/ncnn/examples/dlib-19.15/dlib/build/CMakeFiles/CMakeTmp/CMakeFiles 1
Building C object CMakeFiles/cmTryCompileExec2240932050.dir/SIZE_OF_VOID_PTR.c.o
/opt/hisi-linux/x86-arm/aarch64-himix100-linux/bin/aarch64-himix100-linux-gcc    -o CMakeFiles/cmTryCompileExec2240932050.dir/SIZE_OF_VOID_PTR.c.o   -c /root/ncnn/ncnn/examples/dlib-19.15/dlib/build/CMakeFiles/CheckTypeSize/SIZE_OF_VOID_PTR.c
Linking C executable cmTryCompileExec2240932050
/usr/bin/cmake -E cmake_link_script CMakeFiles/cmTryCompileExec2240932050.dir/link.txt --verbose=1
/opt/hisi-linux/x86-arm/aarch64-himix100-linux/bin/aarch64-himix100-linux-gcc       CMakeFiles/cmTryCompileExec2240932050.dir/SIZE_OF_VOID_PTR.c.o  -o cmTryCompileExec2240932050 -rdynamic 
make[1]: Leaving directory `/root/ncnn/ncnn/examples/dlib-19.15/dlib/build/CMakeFiles/CMakeTmp'


